2026-01-11 18:17:29,467 - auth.impl.oauth_token_provider - INFO - [log_device_repository.py:13] - Using in-memory storage
2026-01-11 18:18:16,326 - auth.impl.oauth_token_provider - INFO - [log_device_repository.py:13] - Using in-memory storage
2026-01-11 18:19:02,543 - auth.impl.oauth_token_provider - INFO - [log_device_repository.py:13] - Using in-memory storage
2026-01-11 18:21:06,889 - auth.impl.oauth_token_provider - INFO - [log_device_repository.py:13] - Using in-memory storage
2026-01-11 18:21:06,988 - auth.impl.oauth_token_provider - INFO - [main.py:16] - API Starting...
2026-01-11 18:58:33,588 - auth.impl.oauth_token_provider - ERROR - [requests_http_client.py:37] - Request timeout: https://apis.quran.foundation/content/api/v4/resources/verse_media/1:1
2026-01-11 18:58:33,598 - auth.impl.oauth_token_provider - ERROR - [base_service.py:41] - Error fetching /content/api/v4/resources/verse_media/1:1: Upstream timeout for https://apis.quran.foundation/content/api/v4/resources/verse_media/1:1
2026-01-11 19:09:42,651 - auth.impl.oauth_token_provider - INFO - [log_device_repository.py:23] - Device saved: uuid=arpit-uuid-007
2026-01-11 19:13:55,887 - auth.impl.oauth_token_provider - ERROR - [requests_http_client.py:37] - Request timeout: https://apis.quran.foundation/content/api/v4/verse_recitations/1/1:1
2026-01-11 19:13:55,889 - auth.impl.oauth_token_provider - ERROR - [base_service.py:41] - Error fetching /content/api/v4/verse_recitations/1/1:1: Upstream timeout for https://apis.quran.foundation/content/api/v4/verse_recitations/1/1:1
2026-01-11 19:14:10,417 - auth.impl.oauth_token_provider - ERROR - [base_service.py:41] - Error fetching /content/api/v4/verse_recitations/1/1:1: Upstream HTTP error [504] for https://apis.quran.foundation/content/api/v4/verse_recitations/1/1:1
2026-01-11 19:14:23,741 - auth.impl.oauth_token_provider - ERROR - [base_service.py:41] - Error fetching /content/api/v4/verse_recitations/1/2:52: Upstream HTTP error [504] for https://apis.quran.foundation/content/api/v4/verse_recitations/1/2:52
2026-01-11 19:15:46,520 - auth.impl.oauth_token_provider - ERROR - [base_service.py:41] - Error fetching /content/api/v4/resources/recitations/1: Upstream HTTP error [504] for https://apis.quran.foundation/content/api/v4/resources/recitations/1
2026-01-11 19:19:00,140 - auth.impl.oauth_token_provider - ERROR - [base_service.py:41] - Error fetching /content/api/v4/resources/translations/131: Upstream HTTP error [504] for https://apis.quran.foundation/content/api/v4/resources/translations/131
2026-01-11 19:19:23,835 - auth.impl.oauth_token_provider - ERROR - [base_service.py:41] - Error fetching /content/api/v4/resources/translations/1: Upstream HTTP error [504] for https://apis.quran.foundation/content/api/v4/resources/translations/1
2026-01-11 19:20:04,702 - auth.impl.oauth_token_provider - ERROR - [base_service.py:41] - Error fetching /content/api/v4/chapter_translations/131/1: Upstream HTTP error [504] for https://apis.quran.foundation/content/api/v4/chapter_translations/131/1
2026-01-11 19:21:25,348 - auth.impl.oauth_token_provider - ERROR - [base_service.py:41] - Error fetching /content/api/v4/chapter_translations/131/1: Upstream HTTP error [504] for https://apis.quran.foundation/content/api/v4/chapter_translations/131/1
2026-01-11 19:22:23,654 - auth.impl.oauth_token_provider - ERROR - [base_service.py:41] - Error fetching /content/api/v4/verse_translations/131/1:1: Upstream HTTP error [504] for https://apis.quran.foundation/content/api/v4/verse_translations/131/1:1
2026-01-11 19:24:09,836 - auth.impl.oauth_token_provider - ERROR - [requests_http_client.py:37] - Request timeout: https://apis.quran.foundation/content/api/v4/verse_translations/131/1:1
2026-01-11 19:24:09,838 - auth.impl.oauth_token_provider - ERROR - [base_service.py:41] - Error fetching /content/api/v4/verse_translations/131/1:1: Upstream timeout for https://apis.quran.foundation/content/api/v4/verse_translations/131/1:1
2026-01-11 19:26:39,254 - auth.impl.oauth_token_provider - ERROR - [base_service.py:41] - Error fetching /content/api/v4/resources/tafsirs/169: Upstream HTTP error [504] for https://apis.quran.foundation/content/api/v4/resources/tafsirs/169
2026-01-11 19:27:35,619 - auth.impl.oauth_token_provider - ERROR - [base_service.py:41] - Error fetching /content/api/v4/chapter_tafsirs/169/1: Upstream HTTP error [504] for https://apis.quran.foundation/content/api/v4/chapter_tafsirs/169/1
2026-01-11 19:38:59,621 - auth.impl.oauth_token_provider - ERROR - [base_service.py:41] - Error fetching /content/api/v4/verse_tafsirs/169/1:1: Upstream HTTP error [504] for https://apis.quran.foundation/content/api/v4/verse_tafsirs/169/1:1
2026-01-11 19:43:46,687 - auth.impl.oauth_token_provider - ERROR - [base_service.py:41] - Error fetching /content/api/v4/resources/chapter_info: Upstream HTTP error [504] for https://apis.quran.foundation/content/api/v4/resources/chapter_info
2026-01-11 19:50:26,640 - auth.impl.oauth_token_provider - INFO - [main.py:19] - API Shutting Down...
2026-01-11 20:12:01,326 - auth.impl.oauth_token_provider - INFO - [log_device_repository.py:13] - Using in-memory storage
2026-01-11 20:13:04,963 - auth.impl.oauth_token_provider - INFO - [log_device_repository.py:13] - Using in-memory storage
2026-01-11 20:13:05,241 - auth.impl.oauth_token_provider - INFO - [main.py:16] - API Starting...
2026-01-11 20:14:57,815 - auth.impl.oauth_token_provider - INFO - [main.py:19] - API Shutting Down...
2026-01-11 21:11:33,850 - auth.impl.oauth_token_provider - INFO - [log_device_repository.py:13] - Using in-memory storage
2026-01-11 21:11:34,099 - auth.impl.oauth_token_provider - INFO - [main.py:16] - API Starting...
